Copyright 1986-2018 Xilinx, Inc. All Rights Reserved.
------------------------------------------------------------------------------------
| Tool Version : Vivado v.2018.3 (win64) Build 2405991 Thu Dec  6 23:38:27 MST 2018
| Date         : Wed Nov 12 16:59:45 2025
| Host         : DESKTOP-VEE6H17 running 64-bit major release  (build 9200)
| Command      : report_control_sets -verbose -file main_control_sets_placed.rpt
| Design       : main
| Device       : xc7vx485t
------------------------------------------------------------------------------------

Control Set Information

Table of Contents
-----------------
1. Summary
2. Histogram
3. Flip-Flop Distribution
4. Detailed Control Set Information

1. Summary
----------

+----------------------------------------------------------+-------+
|                          Status                          | Count |
+----------------------------------------------------------+-------+
| Number of unique control sets                            |    74 |
| Unused register locations in slices containing registers |   321 |
+----------------------------------------------------------+-------+


2. Histogram
------------

+--------+--------------+
| Fanout | Control Sets |
+--------+--------------+
|      1 |            4 |
|      2 |            1 |
|      3 |            1 |
|      4 |            6 |
|      5 |            1 |
|      6 |            5 |
|      7 |            3 |
|      8 |            6 |
|     10 |            3 |
|     14 |            1 |
|    16+ |           43 |
+--------+--------------+


3. Flip-Flop Distribution
-------------------------

+--------------+-----------------------+------------------------+-----------------+--------------+
| Clock Enable | Synchronous Set/Reset | Asynchronous Set/Reset | Total Registers | Total Slices |
+--------------+-----------------------+------------------------+-----------------+--------------+
| No           | No                    | No                     |             126 |           26 |
| No           | No                    | Yes                    |               0 |            0 |
| No           | Yes                   | No                     |              42 |           19 |
| Yes          | No                    | No                     |            2338 |          463 |
| Yes          | No                    | Yes                    |               0 |            0 |
| Yes          | Yes                   | No                     |            1341 |          422 |
+--------------+-----------------------+------------------------+-----------------+--------------+


4. Detailed Control Set Information
-----------------------------------

+----------------+------------------------------------------------------------------------------------------------------------------------------------------------------------------------+----------------------------------------------------------------------------------------------------------------------------------------------------------+------------------+----------------+
|  Clock Signal  |                                                                              Enable Signal                                                                             |                                                                     Set/Reset Signal                                                                     | Slice Load Count | Bel Load Count |
+----------------+------------------------------------------------------------------------------------------------------------------------------------------------------------------------+----------------------------------------------------------------------------------------------------------------------------------------------------------+------------------+----------------+
|  clk_IBUF_BUFG |                                                                                                                                                                        | dut/your_instance_name/U0/i_synth/xfft_inst/non_floating_point.arch_d.xfft_inst/FLOW/reset_sustain.resets_4_pes[1].delay_reset_pe/reset_sustained_raw[0] |                1 |              1 |
|  clk_IBUF_BUFG |                                                                                                                                                                        | dut/your_instance_name/U0/i_synth/xfft_inst/non_floating_point.arch_d.xfft_inst/FLOW/reset_sustain.resets_4_pes[2].delay_reset_pe/reset_sustained_raw[0] |                1 |              1 |
|  clk_IBUF_BUFG |                                                                                                                                                                        | dut/your_instance_name/U0/i_synth/xfft_inst/non_floating_point.arch_d.xfft_inst/FLOW/reset_sustain.delay_reset_3/reset_3_raw                             |                1 |              1 |
|  clk_IBUF_BUFG |                                                                                                                                                                        | dut/your_instance_name/U0/i_synth/xfft_inst/non_floating_point.arch_d.xfft_inst/FLOW/reset_sustain.resets_4_pes[0].delay_reset_pe/reset_sustained_raw[0] |                1 |              1 |
|  clk_IBUF_BUFG |                                                                                                                                                                        | dut/your_instance_name/U0/i_synth/xfft_inst/non_floating_point.arch_d.xfft_inst/FLOW/reset_sustain.delay_reset_3/reset_3_raw1                            |                1 |              2 |
|  clk_IBUF_BUFG | dut/your_instance_name/U0/i_synth/axi_wrapper/tw_scale_reg_ce_3                                                                                                        |                                                                                                                                                          |                1 |              3 |
|  clk_IBUF_BUFG | dut/your_instance_name/U0/i_synth/axi_wrapper/count_ce                                                                                                                 | dut/your_instance_name/U0/i_synth/axi_wrapper/sclr_w2c                                                                                                   |                1 |              4 |
|  clk_IBUF_BUFG | dut/your_instance_name/U0/i_synth/axi_wrapper/ce_w2c                                                                                                                   | dut/your_instance_name/U0/i_synth/xfft_inst/non_floating_point.arch_d.xfft_inst/pe_reset                                                                 |                3 |              4 |
|  clk_IBUF_BUFG | dut/your_instance_name/U0/i_synth/axi_wrapper/ce_w2c                                                                                                                   | dut/your_instance_name/U0/i_synth/xfft_inst/non_floating_point.arch_d.xfft_inst/reset_delays[1].other.reset_del_reg_n_0_[1]                              |                4 |              4 |
|  clk_IBUF_BUFG | dut/your_instance_name/U0/i_synth/axi_wrapper/gen_ce_non_real_time.ce_predicted_reg_0[0]                                                                               | dut/your_instance_name/U0/i_synth/axi_wrapper/sclr_w2c                                                                                                   |                1 |              4 |
|  clk_IBUF_BUFG | dut/your_instance_name/U0/i_synth/axi_wrapper/tw_scale_reg_ce                                                                                                          |                                                                                                                                                          |                2 |              4 |
|  clk_IBUF_BUFG | dut/your_instance_name/U0/i_synth/axi_wrapper/E[0]                                                                                                                     | dut/your_instance_name/U0/i_synth/axi_wrapper/sclr_w2c                                                                                                   |                1 |              4 |
|  clk_IBUF_BUFG | dut/your_instance_name/U0/i_synth/axi_wrapper/count_ce_0                                                                                                               | dut/your_instance_name/U0/i_synth/axi_wrapper/sclr_w2c                                                                                                   |                2 |              5 |
|  clk_IBUF_BUFG | dut/counter                                                                                                                                                            | rst_IBUF                                                                                                                                                 |                2 |              6 |
|  clk_IBUF_BUFG | dut/valid_out_FFT_reg_0[0]                                                                                                                                             |                                                                                                                                                          |                2 |              6 |
|  clk_IBUF_BUFG | dut/rst[0]                                                                                                                                                             |                                                                                                                                                          |                2 |              6 |
|  clk_IBUF_BUFG | dut/your_instance_name/U0/i_synth/axi_wrapper/symbols_out_remaining[5]_i_1_n_0                                                                                         | dut/your_instance_name/U0/i_synth/axi_wrapper/reset_pipe[1]                                                                                              |                2 |              6 |
|  clk_IBUF_BUFG | dut/your_instance_name/U0/i_synth/axi_wrapper/count_ce_1                                                                                                               | dut/your_instance_name/U0/i_synth/axi_wrapper/sclr_w2c                                                                                                   |                3 |              6 |
|  clk_IBUF_BUFG | dut/E[0]                                                                                                                                                               |                                                                                                                                                          |                1 |              7 |
|  clk_IBUF_BUFG | dut/your_instance_name/U0/i_synth/axi_wrapper/count_ce_2                                                                                                               | dut/your_instance_name/U0/i_synth/axi_wrapper/sclr_w2c                                                                                                   |                3 |              7 |
|  clk_IBUF_BUFG | dut/your_instance_name/U0/i_synth/axi_wrapper/ce_w2c                                                                                                                   | dut/your_instance_name/U0/i_synth/axi_wrapper/reset_pipe[1]                                                                                              |                4 |              7 |
|  clk_IBUF_BUFG | dut/your_instance_name/U0/i_synth/xfft_inst/non_floating_point.arch_d.xfft_inst/pe_gen[1].natural_order_input.PE/has_addr_gen.tw_addr_gen/cnt/cnt_ce                   | dut/your_instance_name/U0/i_synth/xfft_inst/non_floating_point.arch_d.xfft_inst/reset_delays[1].other.reset_del_reg_n_0_[1]                              |                3 |              8 |
|  clk_IBUF_BUFG | dut/your_instance_name/U0/i_synth/xfft_inst/non_floating_point.arch_d.xfft_inst/pe_gen[0].natural_order_input.PE/has_addr_gen.bf2_addr_gen/cnt/cnt_ce                  | dut/your_instance_name/U0/i_synth/xfft_inst/non_floating_point.arch_d.xfft_inst/pe_reset                                                                 |                3 |              8 |
|  clk_IBUF_BUFG | dut/your_instance_name/U0/i_synth/xfft_inst/non_floating_point.arch_d.xfft_inst/pe_gen[1].natural_order_input.PE/has_addr_gen.bf2_addr_gen/cnt/cnt_ce                  | dut/your_instance_name/U0/i_synth/xfft_inst/non_floating_point.arch_d.xfft_inst/reset_delays[1].other.reset_del_reg_n_0_[1]                              |                3 |              8 |
|  clk_IBUF_BUFG | dut/your_instance_name/U0/i_synth/xfft_inst/non_floating_point.arch_d.xfft_inst/pe_gen[0].natural_order_input.PE/has_addr_gen.tw_addr_gen/cnt/cnt_ce                   | dut/your_instance_name/U0/i_synth/xfft_inst/non_floating_point.arch_d.xfft_inst/pe_reset                                                                 |                3 |              8 |
|  clk_IBUF_BUFG | dut/your_instance_name/U0/i_synth/xfft_inst/non_floating_point.arch_d.xfft_inst/DOUT_CNT_CTRL_0/cnt/cnt_ce                                                             | dut/your_instance_name/U0/i_synth/axi_wrapper/sclr_w2c                                                                                                   |                3 |              8 |
|  clk_IBUF_BUFG | dut/your_instance_name/U0/i_synth/xfft_inst/non_floating_point.arch_d.xfft_inst/FLOW/proc0_counter/CE                                                                  | dut/your_instance_name/U0/i_synth/axi_wrapper/sclr_w2c                                                                                                   |                3 |              8 |
|  clk_IBUF_BUFG |                                                                                                                                                                        | rst_IBUF                                                                                                                                                 |                4 |             10 |
|  clk_IBUF_BUFG | result_cal_memory[0]1                                                                                                                                                  | rst_IBUF                                                                                                                                                 |                3 |             10 |
|  clk_IBUF_BUFG | dut/your_instance_name/U0/i_synth/axi_wrapper/ce_w2c                                                                                                                   | dut/your_instance_name/U0/i_synth/axi_wrapper/sclr_w2c                                                                                                   |                4 |             10 |
|  clk_IBUF_BUFG | pro_addr0                                                                                                                                                              | rst_IBUF                                                                                                                                                 |                7 |             14 |
|  clk_IBUF_BUFG |                                                                                                                                                                        | dut/your_instance_name/U0/i_synth/axi_wrapper/reset_pipe[1]                                                                                              |               10 |             26 |
|  clk_IBUF_BUFG | result_cal_memory[4]                                                                                                                                                   | rst_IBUF                                                                                                                                                 |                9 |             34 |
|  clk_IBUF_BUFG | result_cal_memory[23]                                                                                                                                                  | rst_IBUF                                                                                                                                                 |                8 |             34 |
|  clk_IBUF_BUFG | result_cal_memory[13]                                                                                                                                                  | rst_IBUF                                                                                                                                                 |                6 |             34 |
|  clk_IBUF_BUFG | result_cal_memory[2]                                                                                                                                                   | rst_IBUF                                                                                                                                                 |                8 |             34 |
|  clk_IBUF_BUFG | result_cal_memory[20]                                                                                                                                                  | rst_IBUF                                                                                                                                                 |               10 |             34 |
|  clk_IBUF_BUFG | result_cal_memory[0][35]_i_1_n_0                                                                                                                                       | rst_IBUF                                                                                                                                                 |               10 |             34 |
|  clk_IBUF_BUFG | result_cal_memory[7]                                                                                                                                                   | rst_IBUF                                                                                                                                                 |                6 |             34 |
|  clk_IBUF_BUFG | result_cal_memory[30]                                                                                                                                                  | rst_IBUF                                                                                                                                                 |               33 |             34 |
|  clk_IBUF_BUFG | result_cal_memory[27]                                                                                                                                                  | rst_IBUF                                                                                                                                                 |               14 |             34 |
|  clk_IBUF_BUFG | result_cal_memory[5]                                                                                                                                                   | rst_IBUF                                                                                                                                                 |                6 |             34 |
|  clk_IBUF_BUFG | result_cal_memory[3]                                                                                                                                                   | rst_IBUF                                                                                                                                                 |                7 |             34 |
|  clk_IBUF_BUFG | result_cal_memory[9]                                                                                                                                                   | rst_IBUF                                                                                                                                                 |               33 |             34 |
|  clk_IBUF_BUFG | result_cal_memory[17]                                                                                                                                                  | rst_IBUF                                                                                                                                                 |                9 |             34 |
|  clk_IBUF_BUFG | result_cal_memory[15]                                                                                                                                                  | rst_IBUF                                                                                                                                                 |               11 |             34 |
|  clk_IBUF_BUFG | result_cal_memory[10]                                                                                                                                                  | rst_IBUF                                                                                                                                                 |                7 |             34 |
|  clk_IBUF_BUFG | result_cal_memory[22]                                                                                                                                                  | rst_IBUF                                                                                                                                                 |               15 |             34 |
|  clk_IBUF_BUFG | result_cal_memory[11]                                                                                                                                                  | rst_IBUF                                                                                                                                                 |                7 |             34 |
|  clk_IBUF_BUFG | result_cal_memory[26]                                                                                                                                                  | rst_IBUF                                                                                                                                                 |               14 |             34 |
|  clk_IBUF_BUFG | dut/s_axis_data_tdata[41]_i_1_n_0                                                                                                                                      |                                                                                                                                                          |               12 |             34 |
|  clk_IBUF_BUFG | result_cal_memory[18]                                                                                                                                                  | rst_IBUF                                                                                                                                                 |               10 |             34 |
|  clk_IBUF_BUFG | result_cal_memory[12]                                                                                                                                                  | rst_IBUF                                                                                                                                                 |                7 |             34 |
|  clk_IBUF_BUFG | result_cal_memory[24]                                                                                                                                                  | rst_IBUF                                                                                                                                                 |               15 |             34 |
|  clk_IBUF_BUFG | result_cal_memory[29]                                                                                                                                                  | rst_IBUF                                                                                                                                                 |               10 |             34 |
|  clk_IBUF_BUFG | result_cal_memory[14]                                                                                                                                                  | rst_IBUF                                                                                                                                                 |                6 |             34 |
|  clk_IBUF_BUFG | result_cal_memory[6]                                                                                                                                                   | rst_IBUF                                                                                                                                                 |                6 |             34 |
|  clk_IBUF_BUFG | result_cal_memory[8]                                                                                                                                                   | rst_IBUF                                                                                                                                                 |                6 |             34 |
|  clk_IBUF_BUFG | result_cal_memory[21]                                                                                                                                                  | rst_IBUF                                                                                                                                                 |               11 |             34 |
|  clk_IBUF_BUFG | result_cal_memory[28]                                                                                                                                                  | rst_IBUF                                                                                                                                                 |               14 |             34 |
|  clk_IBUF_BUFG | result_cal_memory[19]                                                                                                                                                  | rst_IBUF                                                                                                                                                 |                7 |             34 |
|  clk_IBUF_BUFG | result_cal_memory[16]                                                                                                                                                  | rst_IBUF                                                                                                                                                 |                8 |             34 |
|  clk_IBUF_BUFG | result_cal_memory[25]                                                                                                                                                  | rst_IBUF                                                                                                                                                 |               11 |             34 |
|  clk_IBUF_BUFG | result_cal_memory[1]                                                                                                                                                   | rst_IBUF                                                                                                                                                 |               13 |             34 |
|  clk_IBUF_BUFG | result_cal_memory[31]                                                                                                                                                  | rst_IBUF                                                                                                                                                 |               10 |             34 |
|  clk_IBUF_BUFG | dut/your_instance_name/U0/i_synth/axi_wrapper/data_in_channel_fifo/gen_non_real_time.data_in_fifo_pt1/wr_enable                                                        |                                                                                                                                                          |                5 |             36 |
|  clk_IBUF_BUFG | dut/your_instance_name/U0/i_synth/axi_wrapper/data_in_channel_fifo/gen_non_real_time.data_in_fifo_pt1/rd_valid_2_reg[0]                                                | dut/your_instance_name/U0/i_synth/axi_wrapper/reset_pipe[1]                                                                                              |                6 |             36 |
|  clk_IBUF_BUFG | dut/your_instance_name/U0/i_synth/axi_wrapper/data_in_channel_fifo/gen_non_real_time.data_in_fifo_pt1/gen_non_real_time.gen_has_skid_buffer.data_out_reg_full_1_reg[0] | dut/your_instance_name/U0/i_synth/axi_wrapper/reset_pipe[1]                                                                                              |                5 |             36 |
|  clk_IBUF_BUFG | max_address                                                                                                                                                            | rst_IBUF                                                                                                                                                 |                6 |             42 |
|  clk_IBUF_BUFG | dut/your_instance_name/U0/i_synth/axi_wrapper/data_out_channel/data_out_fifo_write                                                                                     |                                                                                                                                                          |                6 |             43 |
|  clk_IBUF_BUFG |                                                                                                                                                                        |                                                                                                                                                          |               26 |            126 |
|  clk_IBUF_BUFG | adder_memory[0]                                                                                                                                                        |                                                                                                                                                          |               40 |            136 |
|  clk_IBUF_BUFG | R_memory_reg[255][18]_srl32_i_1_n_0                                                                                                                                    |                                                                                                                                                          |              288 |           1152 |
|  clk_IBUF_BUFG | dut/your_instance_name/U0/i_synth/axi_wrapper/ce_w2c                                                                                                                   |                                                                                                                                                          |              403 |           2746 |
+----------------+------------------------------------------------------------------------------------------------------------------------------------------------------------------------+----------------------------------------------------------------------------------------------------------------------------------------------------------+------------------+----------------+


